[debug] [2020-05-20T07:46:31.405Z] ----------------------------------------------------------------------
[debug] [2020-05-20T07:46:31.407Z] Command:       /home/antony/.nvm/versions/node/v8.17.0/lib/node_modules/node/bin/node /home/antony/.nvm/versions/node/v8.17.0/bin/firebase deploy
[debug] [2020-05-20T07:46:31.407Z] CLI Version:   7.11.0
[debug] [2020-05-20T07:46:31.408Z] Platform:      linux
[debug] [2020-05-20T07:46:31.408Z] Node Version:  v13.5.0
[debug] [2020-05-20T07:46:31.408Z] Time:          Wed May 20 2020 13:16:31 GMT+0530 (India Standard Time)
[debug] [2020-05-20T07:46:31.408Z] ----------------------------------------------------------------------
[debug] [2020-05-20T07:46:31.408Z] 
[debug] [2020-05-20T07:46:31.416Z] > command requires scopes: ["email","openid","https://www.googleapis.com/auth/cloudplatformprojects.readonly","https://www.googleapis.com/auth/firebase","https://www.googleapis.com/auth/cloud-platform"]
[debug] [2020-05-20T07:46:31.417Z] > authorizing via signed-in user
[debug] [2020-05-20T07:46:31.417Z] [iam] checking project lemon-ink for permissions ["firebase.projects.get","firebasehosting.sites.update"]
[debug] [2020-05-20T07:46:31.419Z] > refreshing access token with scopes: ["email","https://www.googleapis.com/auth/cloud-platform","https://www.googleapis.com/auth/cloudplatformprojects.readonly","https://www.googleapis.com/auth/firebase","openid"]
[debug] [2020-05-20T07:46:31.419Z] >>> HTTP REQUEST POST https://www.googleapis.com/oauth2/v3/token  
 <request body omitted>
[debug] [2020-05-20T07:46:32.100Z] <<< HTTP RESPONSE 200
[debug] [2020-05-20T07:46:32.131Z] >>> HTTP REQUEST POST https://cloudresourcemanager.googleapis.com/v1/projects/lemon-ink:testIamPermissions  

[debug] [2020-05-20T07:46:33.945Z] <<< HTTP RESPONSE 200
[debug] [2020-05-20T07:46:33.949Z] >>> HTTP REQUEST GET https://firebase.googleapis.com/v1beta1/projects/lemon-ink  
 
[debug] [2020-05-20T07:46:34.764Z] <<< HTTP RESPONSE 200
[info] 
[info] === Deploying to 'lemon-ink'...
[info] 
[info] i  deploying hosting
[debug] [2020-05-20T07:46:34.772Z] >>> HTTP REQUEST POST https://firebasehosting.googleapis.com/v1beta1/sites/lemon-ink/versions  

[debug] [2020-05-20T07:46:37.221Z] <<< HTTP RESPONSE 200
[info] i  hosting[lemon-ink]: beginning deploy...
[info] i  hosting[lemon-ink]: found 62 files in dist/Lemonink-Platform
[debug] [2020-05-20T07:46:37.723Z] [hosting] hash cache [ZGlzdC9MZW1vbmluay1QbGF0Zm9ybQ] stored for 62 files
[debug] [2020-05-20T07:46:37.724Z] [hosting][hash queue][FINAL]
[debug] [2020-05-20T07:46:37.724Z] >>> HTTP REQUEST POST https://firebasehosting.googleapis.com/v1beta1/sites/lemon-ink/versions/215eac34d7b4dd44:populateFiles  
 <request body omitted>
[debug] [2020-05-20T07:46:40.155Z] <<< HTTP RESPONSE 200
[debug] [2020-05-20T07:46:40.213Z] [hosting][populate queue][FINAL]
[debug] [2020-05-20T07:46:40.213Z] [hosting] uploads queued: 46
[debug] [2020-05-20T07:46:51.099Z] [uploadQueue] Retrying task 36ca60e0736f13336ee6ac1f80f420a6241a2e2c87773d42df14e7294472dddd
[debug] [2020-05-20T07:46:51.102Z] [uploadQueue] Retrying task 00eb8e89967caa0755fdf0bae1d1e5e12fbd0fb2b267f74b1fa549b17e19e2b5
[debug] [2020-05-20T07:46:51.104Z] [uploadQueue] Retrying task 4ae162e76b724ebab61e287bb609ac3ed38b2f724cfe0a2723c5a9359274b907
[debug] [2020-05-20T07:46:51.106Z] [uploadQueue] Retrying task 7fb6873866f84fd806b0b481b04a8f3839dde18b60e70b565d47f15e2253cbc2
[debug] [2020-05-20T07:46:51.114Z] [uploadQueue] Retrying task 0cae1af8098b4abb147995cc10759326e7b7a3907d8f5f5a7895f00913788bf1
[debug] [2020-05-20T07:46:51.116Z] [uploadQueue] Retrying task 061cd379c8500663d4bad53ffb38459f486033ff440391948983d132afa4ae4f
[debug] [2020-05-20T07:46:51.127Z] [uploadQueue] Retrying task 8bf313c3d8078030007427a754d2dc6e78020ba11180ea622aee72749a0815e2
[debug] [2020-05-20T07:46:51.129Z] [uploadQueue] Retrying task daea15e38312a47d36654f9b0bb5b2095e9986dca3ed1ceeaeed03508a742038
